<?xml version="1.0" encoding="UTF-8"?>
<!-- Generated by org.testng.reporters.JUnitXMLReporter -->
<testsuite hostname="CPP00093213A" name="Default test" tests="6" failures="0" timestamp="18 May 2016 10:05:10 GMT" time="0.415" errors="0">
  <testcase name="@BeforeClass springTestContextPrepareTestInstance" time="0.0" classname="com.benjie.spring.demo.dao.EmployeeDaoImplTest">
    <failure type="org.springframework.beans.factory.BeanCreationException" message="Error creating bean with name &amp;apos;com.benjie.spring.demo.dao.EmployeeDaoImplTest&amp;apos;: Injection of autowired dependencies failed; nested exception is org.springframework.beans.factory.BeanCreationException: Could not autowire method: public void org.springframework.test.context.testng.AbstractTransactionalTestNGSpringContextTests.setDataSource(javax.sql.DataSource); nested exception is org.springframework.beans.factory.NoSuchBeanDefinitionException: No qualifying bean of type [javax.sql.DataSource] found for dependency: expected at least 1 bean which qualifies as autowire candidate for this dependency. Dependency annotations: {}">
      <![CDATA[org.springframework.beans.factory.BeanCreationException: Error creating bean with name 'com.benjie.spring.demo.dao.EmployeeDaoImplTest': Injection of autowired dependencies failed; nested exception is org.springframework.beans.factory.BeanCreationException: Could not autowire method: public void org.springframework.test.context.testng.AbstractTransactionalTestNGSpringContextTests.setDataSource(javax.sql.DataSource); nested exception is org.springframework.beans.factory.NoSuchBeanDefinitionException: No qualifying bean of type [javax.sql.DataSource] found for dependency: expected at least 1 bean which qualifies as autowire candidate for this dependency. Dependency annotations: {}
	at org.springframework.beans.factory.annotation.AutowiredAnnotationBeanPostProcessor.postProcessPropertyValues(AutowiredAnnotationBeanPostProcessor.java:292)
	at org.springframework.beans.factory.support.AbstractAutowireCapableBeanFactory.populateBean(AbstractAutowireCapableBeanFactory.java:1185)
	at org.springframework.beans.factory.support.AbstractAutowireCapableBeanFactory.autowireBeanProperties(AbstractAutowireCapableBeanFactory.java:384)
	at org.springframework.test.context.support.DependencyInjectionTestExecutionListener.injectDependencies(DependencyInjectionTestExecutionListener.java:110)
	at org.springframework.test.context.support.DependencyInjectionTestExecutionListener.prepareTestInstance(DependencyInjectionTestExecutionListener.java:75)
	at org.springframework.test.context.TestContextManager.prepareTestInstance(TestContextManager.java:331)
	at org.springframework.test.context.testng.AbstractTestNGSpringContextTests.springTestContextPrepareTestInstance(AbstractTestNGSpringContextTests.java:146)
	at sun.reflect.NativeMethodAccessorImpl.invoke0(Native Method)
	at sun.reflect.NativeMethodAccessorImpl.invoke(Unknown Source)
	at sun.reflect.DelegatingMethodAccessorImpl.invoke(Unknown Source)
	at java.lang.reflect.Method.invoke(Unknown Source)
	at org.testng.internal.MethodInvocationHelper.invokeMethod(MethodInvocationHelper.java:85)
	at org.testng.internal.Invoker.invokeConfigurationMethod(Invoker.java:517)
	at org.testng.internal.Invoker.invokeConfigurations(Invoker.java:213)
	at org.testng.internal.Invoker.invokeConfigurations(Invoker.java:140)
	at org.testng.internal.TestMethodWorker.invokeBeforeClassMethods(TestMethodWorker.java:170)
	at org.testng.internal.TestMethodWorker.run(TestMethodWorker.java:104)
	at org.testng.TestRunner.privateRun(TestRunner.java:771)
	at org.testng.TestRunner.run(TestRunner.java:621)
	at org.testng.SuiteRunner.runTest(SuiteRunner.java:357)
	at org.testng.SuiteRunner.runSequentially(SuiteRunner.java:352)
	at org.testng.SuiteRunner.privateRun(SuiteRunner.java:310)
	at org.testng.SuiteRunner.run(SuiteRunner.java:259)
	at org.testng.SuiteRunnerWorker.runSuite(SuiteRunnerWorker.java:52)
	at org.testng.SuiteRunnerWorker.run(SuiteRunnerWorker.java:86)
	at org.testng.TestNG.runSuitesSequentially(TestNG.java:1199)
	at org.testng.TestNG.runSuitesLocally(TestNG.java:1124)
	at org.testng.TestNG.run(TestNG.java:1032)
	at org.testng.remote.AbstractRemoteTestNG.run(AbstractRemoteTestNG.java:126)
	at org.testng.remote.RemoteTestNG.initAndRun(RemoteTestNG.java:137)
	at org.testng.remote.RemoteTestNG.main(RemoteTestNG.java:58)
Caused by: org.springframework.beans.factory.BeanCreationException: Could not autowire method: public void org.springframework.test.context.testng.AbstractTransactionalTestNGSpringContextTests.setDataSource(javax.sql.DataSource); nested exception is org.springframework.beans.factory.NoSuchBeanDefinitionException: No qualifying bean of type [javax.sql.DataSource] found for dependency: expected at least 1 bean which qualifies as autowire candidate for this dependency. Dependency annotations: {}
	at org.springframework.beans.factory.annotation.AutowiredAnnotationBeanPostProcessor$AutowiredMethodElement.inject(AutowiredAnnotationBeanPostProcessor.java:596)
	at org.springframework.beans.factory.annotation.InjectionMetadata.inject(InjectionMetadata.java:87)
	at org.springframework.beans.factory.annotation.AutowiredAnnotationBeanPostProcessor.postProcessPropertyValues(AutowiredAnnotationBeanPostProcessor.java:289)
	... 30 more
Caused by: org.springframework.beans.factory.NoSuchBeanDefinitionException: No qualifying bean of type [javax.sql.DataSource] found for dependency: expected at least 1 bean which qualifies as autowire candidate for this dependency. Dependency annotations: {}
	at org.springframework.beans.factory.support.DefaultListableBeanFactory.raiseNoSuchBeanDefinitionException(DefaultListableBeanFactory.java:1103)
	at org.springframework.beans.factory.support.DefaultListableBeanFactory.doResolveDependency(DefaultListableBeanFactory.java:963)
	at org.springframework.beans.factory.support.DefaultListableBeanFactory.resolveDependency(DefaultListableBeanFactory.java:858)
	at org.springframework.beans.factory.annotation.AutowiredAnnotationBeanPostProcessor$AutowiredMethodElement.inject(AutowiredAnnotationBeanPostProcessor.java:553)
	... 32 more
]]>
    </failure>
  </testcase> <!-- @BeforeClass springTestContextPrepareTestInstance -->
  <testcase name="@BeforeMethod springTestContextBeforeTestMethod" time="0.0" classname="com.benjie.spring.demo.dao.EmployeeDaoImplTest">
    <skipped/>
  </testcase> <!-- @BeforeMethod springTestContextBeforeTestMethod -->
  <testcase name="@BeforeMethod setUp" time="0.0" classname="com.benjie.spring.demo.dao.EmployeeDaoImplTest">
    <skipped/>
  </testcase> <!-- @BeforeMethod setUp -->
  <testcase name="@BeforeMethod springTestContextBeforeTestMethod" time="0.0" classname="com.benjie.spring.demo.dao.EmployeeDaoImplTest">
    <skipped/>
  </testcase> <!-- @BeforeMethod springTestContextBeforeTestMethod -->
  <testcase name="@BeforeMethod setUp" time="0.0" classname="com.benjie.spring.demo.dao.EmployeeDaoImplTest">
    <skipped/>
  </testcase> <!-- @BeforeMethod setUp -->
  <testcase name="@BeforeMethod springTestContextBeforeTestMethod" time="0.0" classname="com.benjie.spring.demo.dao.EmployeeDaoImplTest">
    <skipped/>
  </testcase> <!-- @BeforeMethod springTestContextBeforeTestMethod -->
  <testcase name="@BeforeMethod setUp" time="0.0" classname="com.benjie.spring.demo.dao.EmployeeDaoImplTest">
    <skipped/>
  </testcase> <!-- @BeforeMethod setUp -->
  <testcase name="@BeforeMethod springTestContextBeforeTestMethod" time="0.0" classname="com.benjie.spring.demo.dao.EmployeeDaoImplTest">
    <skipped/>
  </testcase> <!-- @BeforeMethod springTestContextBeforeTestMethod -->
  <testcase name="@BeforeMethod setUp" time="0.0" classname="com.benjie.spring.demo.dao.EmployeeDaoImplTest">
    <skipped/>
  </testcase> <!-- @BeforeMethod setUp -->
  <testcase name="@BeforeMethod springTestContextBeforeTestMethod" time="0.0" classname="com.benjie.spring.demo.dao.EmployeeDaoImplTest">
    <skipped/>
  </testcase> <!-- @BeforeMethod springTestContextBeforeTestMethod -->
  <testcase name="@BeforeMethod setUp" time="0.0" classname="com.benjie.spring.demo.dao.EmployeeDaoImplTest">
    <skipped/>
  </testcase> <!-- @BeforeMethod setUp -->
  <testcase name="@BeforeMethod springTestContextBeforeTestMethod" time="0.0" classname="com.benjie.spring.demo.dao.EmployeeDaoImplTest">
    <skipped/>
  </testcase> <!-- @BeforeMethod springTestContextBeforeTestMethod -->
  <testcase name="@BeforeMethod setUp" time="0.0" classname="com.benjie.spring.demo.dao.EmployeeDaoImplTest">
    <skipped/>
  </testcase> <!-- @BeforeMethod setUp -->
  <testcase name="deleteEmployeeByInvalidSsn" time="0.0" classname="com.benjie.spring.demo.dao.EmployeeDaoImplTest">
    <skipped/>
  </testcase> <!-- deleteEmployeeByInvalidSsn -->
  <testcase name="deleteEmployeeBySsn" time="0.0" classname="com.benjie.spring.demo.dao.EmployeeDaoImplTest">
    <skipped/>
  </testcase> <!-- deleteEmployeeBySsn -->
  <testcase name="findAllEmployees" time="0.0" classname="com.benjie.spring.demo.dao.EmployeeDaoImplTest">
    <skipped/>
  </testcase> <!-- findAllEmployees -->
  <testcase name="findById" time="0.0" classname="com.benjie.spring.demo.dao.EmployeeDaoImplTest">
    <skipped/>
  </testcase> <!-- findById -->
  <testcase name="findEmployeeBySsn" time="0.0" classname="com.benjie.spring.demo.dao.EmployeeDaoImplTest">
    <skipped/>
  </testcase> <!-- findEmployeeBySsn -->
  <testcase name="saveEmployee" time="0.015" classname="com.benjie.spring.demo.dao.EmployeeDaoImplTest">
    <skipped/>
  </testcase> <!-- saveEmployee -->
</testsuite> <!-- Default test -->
